<?xml version="1.0" encoding="UTF-8"?>
<!-- Generated by org.testng.reporters.JUnitReportReporter -->
<testsuite hostname="devvijay2" name="test.java.com.econvergance.testng.CreateFileOn" tests="1" failures="0" timestamp="7 Mar 2016 18:39:49 GMT" time="23.850" errors="0">
  <testcase name="testCreatefile" time="23.850" classname="test.java.com.econvergance.testng.CreateFileOn"/>
</testsuite> <!-- test.java.com.econvergance.testng.CreateFileOn -->
