<?xml version="1.0" encoding="UTF-8"?>
<!-- Generated by org.testng.reporters.JUnitReportReporter -->
<testsuite hostname="devvijay2" name="test.java.com.econvergance.testng.CreateFile" tests="1" failures="1" timestamp="4 Mar 2016 22:04:54 GMT" time="0.001" errors="0">
  <testcase name="testCreatefile" time="0.001" classname="test.java.com.econvergance.testng.CreateFile">
    <failure type="org.openqa.selenium.WebDriverException" message="Failed to connect to binary FirefoxBinary(C:\Program Files\Mozilla Firefox\firefox.exe) on port 7055; process output follows: 
olf45k&quot;,&quot;location&quot;:&quot;app-global&quot;,&quot;version&quot;:&quot;44.0.2&quot;,&quot;type&quot;:&quot;theme&quot;,&quot;internalName&quot;:&quot;classic/1.0&quot;,&quot;updateURL&quot;:null,&quot;updateKey&quot;:null,&quot;optionsURL&quot;:null,&quot;optionsType&quot;:null,&quot;aboutURL&quot;:null,&quot;icons&quot;:{&quot;32&quot;:&quot;icon.png&quot;,&quot;48&quot;:&quot;icon.png&quot;},&quot;iconURL&quot;:null,&quot;icon64URL&quot;:null,&quot;defaultLocale&quot;:{&quot;name&quot;:&quot;Default&quot;,&quot;description&quot;:&quot;The default theme.&quot;,&quot;creator&quot;:&quot;Mozilla&quot;,&quot;homepageURL&quot;:null,&quot;contributors&quot;:[&quot;Mozilla Contributors&quot;]},&quot;visible&quot;:true,&quot;active&quot;:true,&quot;userDisabled&quot;:false,&quot;appDisabled&quot;:false,&quot;descriptor&quot;:&quot;C:\\Program Files\\Mozilla Firefox\\browser\\extensions\\{972ce4c6-7e08-4474-a285-3208198ce6fd}&quot;,&quot;installDate&quot;:1455303069553,&quot;updateDate&quot;:1455303069553,&quot;applyBackgroundUpdates&quot;:1,&quot;skinnable&quot;:true,&quot;size&quot;:24172,&quot;sourceURI&quot;:null,&quot;releaseNotesURI&quot;:null,&quot;softDisabled&quot;:false,&quot;foreignInstall&quot;:false,&quot;hasBinaryComponents&quot;:false,&quot;strictCompatibility&quot;:true,&quot;locales&quot;:[],&quot;targetApplications&quot;:[{&quot;id&quot;:&quot;{ec8030f7-c20a-464f-9b0e-13a3a9e97384}&quot;,&quot;minVersion&quot;:&quot;44.0.2&quot;,&quot;maxVersion&quot;:&quot;44.0.2&quot;}],&quot;targetPlatforms&quot;:[]}
1457129048871	addons.xpi	DEBUG	getModTime: Recursive scan of {972ce4c6-7e08-4474-a285-3208198ce6fd}
1457129048872	DeferredSave.extensions.json	DEBUG	Save changes
1457129048872	addons.xpi	DEBUG	Updating database with changes to installed add-ons
1457129048872	addons.xpi-utils	DEBUG	Updating add-on states
1457129048872	addons.xpi-utils	DEBUG	Writing add-ons list
1457129048878	addons.manager	DEBUG	Registering shutdown blocker for XPIProvider
1457129048878	addons.manager	DEBUG	Provider finished startup: XPIProvider
1457129048878	addons.manager	DEBUG	Starting provider: LightweightThemeManager
1457129048878	addons.manager	DEBUG	Registering shutdown blocker for LightweightThemeManager
1457129048879	addons.manager	DEBUG	Provider finished startup: LightweightThemeManager
1457129048879	addons.manager	DEBUG	Starting provider: GMPProvider
1457129048883	addons.manager	DEBUG	Registering shutdown blocker for GMPProvider
1457129048884	addons.manager	DEBUG	Provider finished startup: GMPProvider
1457129048884	addons.manager	DEBUG	Starting provider: PluginProvider
1457129048884	addons.manager	DEBUG	Registering shutdown blocker for PluginProvider
1457129048884	addons.manager	DEBUG	Provider finished startup: PluginProvider
1457129048884	addons.manager	DEBUG	Completed startup sequence
1457129049086	addons.manager	DEBUG	Starting provider: &lt;unnamed-provider&gt;
1457129049086	addons.manager	DEBUG	Registering shutdown blocker for &lt;unnamed-provider&gt;
1457129049087	addons.manager	DEBUG	Provider finished startup: &lt;unnamed-provider&gt;
1457129049224	DeferredSave.extensions.json	DEBUG	Starting write
1457129049389	addons.repository	DEBUG	No addons.json found.
1457129049390	DeferredSave.addons.json	DEBUG	Save changes
1457129049394	DeferredSave.addons.json	DEBUG	Starting timer
1457129049401	addons.manager	DEBUG	Starting provider: PreviousExperimentProvider
1457129049402	addons.manager	DEBUG	Registering shutdown blocker for PreviousExperimentProvider
1457129049402	addons.manager	DEBUG	Provider finished startup: PreviousExperimentProvider
1457129049405	DeferredSave.extensions.json	DEBUG	Write succeeded
1457129049405	addons.xpi-utils	DEBUG	XPI Database saved, setting schema version preference to 17
1457129049533	DeferredSave.addons.json	DEBUG	Starting write
1457129049699	DeferredSave.addons.json	DEBUG	Write succeeded
1457129076872	addons.manager	DEBUG	shutdown
1457129076873	addons.manager	DEBUG	Calling shutdown blocker for XPIProvider
1457129076873	addons.xpi	DEBUG	shutdown
1457129076873	addons.xpi-utils	DEBUG	shutdown
1457129076873	addons.manager	DEBUG	Calling shutdown blocker for LightweightThemeManager
1457129076873	addons.manager	DEBUG	Calling shutdown blocker for GMPProvider
1457129076874	addons.manager	DEBUG	Calling shutdown blocker for PluginProvider
1457129076874	addons.manager	DEBUG	Calling shutdown blocker for &lt;unnamed-provider&gt;
1457129076875	addons.manager	DEBUG	Calling shutdown blocker for PreviousExperimentProvider
1457129076877	addons.xpi	DEBUG	Notifying XPI shutdown observers
1457129076879	addons.manager	DEBUG	Async provider shutdown done

Build info: version: &#039;2.49.0&#039;, revision: &#039;365eeb44deba2067b1761c8862ef21d55250e063&#039;, time: &#039;2016-01-13 11:57:39&#039;
System info: host: &#039;devvijay2&#039;, ip: &#039;192.168.56.1&#039;, os.name: &#039;Windows 8.1&#039;, os.arch: &#039;amd64&#039;, os.version: &#039;6.3&#039;, java.version: &#039;1.8.0_71&#039;
Driver info: driver.version: FirefoxDriver">
      <![CDATA[org.openqa.selenium.WebDriverException: Failed to connect to binary FirefoxBinary(C:\Program Files\Mozilla Firefox\firefox.exe) on port 7055; process output follows: 
olf45k","location":"app-global","version":"44.0.2","type":"theme","internalName":"classic/1.0","updateURL":null,"updateKey":null,"optionsURL":null,"optionsType":null,"aboutURL":null,"icons":{"32":"icon.png","48":"icon.png"},"iconURL":null,"icon64URL":null,"defaultLocale":{"name":"Default","description":"The default theme.","creator":"Mozilla","homepageURL":null,"contributors":["Mozilla Contributors"]},"visible":true,"active":true,"userDisabled":false,"appDisabled":false,"descriptor":"C:\\Program Files\\Mozilla Firefox\\browser\\extensions\\{972ce4c6-7e08-4474-a285-3208198ce6fd}","installDate":1455303069553,"updateDate":1455303069553,"applyBackgroundUpdates":1,"skinnable":true,"size":24172,"sourceURI":null,"releaseNotesURI":null,"softDisabled":false,"foreignInstall":false,"hasBinaryComponents":false,"strictCompatibility":true,"locales":[],"targetApplications":[{"id":"{ec8030f7-c20a-464f-9b0e-13a3a9e97384}","minVersion":"44.0.2","maxVersion":"44.0.2"}],"targetPlatforms":[]}
1457129048871	addons.xpi	DEBUG	getModTime: Recursive scan of {972ce4c6-7e08-4474-a285-3208198ce6fd}
1457129048872	DeferredSave.extensions.json	DEBUG	Save changes
1457129048872	addons.xpi	DEBUG	Updating database with changes to installed add-ons
1457129048872	addons.xpi-utils	DEBUG	Updating add-on states
1457129048872	addons.xpi-utils	DEBUG	Writing add-ons list
1457129048878	addons.manager	DEBUG	Registering shutdown blocker for XPIProvider
1457129048878	addons.manager	DEBUG	Provider finished startup: XPIProvider
1457129048878	addons.manager	DEBUG	Starting provider: LightweightThemeManager
1457129048878	addons.manager	DEBUG	Registering shutdown blocker for LightweightThemeManager
1457129048879	addons.manager	DEBUG	Provider finished startup: LightweightThemeManager
1457129048879	addons.manager	DEBUG	Starting provider: GMPProvider
1457129048883	addons.manager	DEBUG	Registering shutdown blocker for GMPProvider
1457129048884	addons.manager	DEBUG	Provider finished startup: GMPProvider
1457129048884	addons.manager	DEBUG	Starting provider: PluginProvider
1457129048884	addons.manager	DEBUG	Registering shutdown blocker for PluginProvider
1457129048884	addons.manager	DEBUG	Provider finished startup: PluginProvider
1457129048884	addons.manager	DEBUG	Completed startup sequence
1457129049086	addons.manager	DEBUG	Starting provider: <unnamed-provider>
1457129049086	addons.manager	DEBUG	Registering shutdown blocker for <unnamed-provider>
1457129049087	addons.manager	DEBUG	Provider finished startup: <unnamed-provider>
1457129049224	DeferredSave.extensions.json	DEBUG	Starting write
1457129049389	addons.repository	DEBUG	No addons.json found.
1457129049390	DeferredSave.addons.json	DEBUG	Save changes
1457129049394	DeferredSave.addons.json	DEBUG	Starting timer
1457129049401	addons.manager	DEBUG	Starting provider: PreviousExperimentProvider
1457129049402	addons.manager	DEBUG	Registering shutdown blocker for PreviousExperimentProvider
1457129049402	addons.manager	DEBUG	Provider finished startup: PreviousExperimentProvider
1457129049405	DeferredSave.extensions.json	DEBUG	Write succeeded
1457129049405	addons.xpi-utils	DEBUG	XPI Database saved, setting schema version preference to 17
1457129049533	DeferredSave.addons.json	DEBUG	Starting write
1457129049699	DeferredSave.addons.json	DEBUG	Write succeeded
1457129076872	addons.manager	DEBUG	shutdown
1457129076873	addons.manager	DEBUG	Calling shutdown blocker for XPIProvider
1457129076873	addons.xpi	DEBUG	shutdown
1457129076873	addons.xpi-utils	DEBUG	shutdown
1457129076873	addons.manager	DEBUG	Calling shutdown blocker for LightweightThemeManager
1457129076873	addons.manager	DEBUG	Calling shutdown blocker for GMPProvider
1457129076874	addons.manager	DEBUG	Calling shutdown blocker for PluginProvider
1457129076874	addons.manager	DEBUG	Calling shutdown blocker for <unnamed-provider>
1457129076875	addons.manager	DEBUG	Calling shutdown blocker for PreviousExperimentProvider
1457129076877	addons.xpi	DEBUG	Notifying XPI shutdown observers
1457129076879	addons.manager	DEBUG	Async provider shutdown done

Build info: version: '2.49.0', revision: '365eeb44deba2067b1761c8862ef21d55250e063', time: '2016-01-13 11:57:39'
System info: host: 'devvijay2', ip: '192.168.56.1', os.name: 'Windows 8.1', os.arch: 'amd64', os.version: '6.3', java.version: '1.8.0_71'
Driver info: driver.version: FirefoxDriver
	at org.openqa.selenium.firefox.internal.NewProfileExtensionConnection.start(NewProfileExtensionConnection.java:135)
	at org.openqa.selenium.firefox.FirefoxDriver.startClient(FirefoxDriver.java:271)
	at org.openqa.selenium.remote.RemoteWebDriver.<init>(RemoteWebDriver.java:119)
	at org.openqa.selenium.firefox.FirefoxDriver.<init>(FirefoxDriver.java:216)
	at org.openqa.selenium.firefox.FirefoxDriver.<init>(FirefoxDriver.java:211)
	at org.openqa.selenium.firefox.FirefoxDriver.<init>(FirefoxDriver.java:207)
	at org.openqa.selenium.firefox.FirefoxDriver.<init>(FirefoxDriver.java:120)
	at test.java.com.econvergance.testng.CreateFile.setUp(CreateFile.java:17)
	at sun.reflect.NativeMethodAccessorImpl.invoke0(Native Method)
	at sun.reflect.NativeMethodAccessorImpl.invoke(NativeMethodAccessorImpl.java:62)
	at sun.reflect.DelegatingMethodAccessorImpl.invoke(DelegatingMethodAccessorImpl.java:43)
	at java.lang.reflect.Method.invoke(Method.java:497)
	at org.testng.internal.MethodInvocationHelper.invokeMethod(MethodInvocationHelper.java:84)
	at org.testng.internal.Invoker.invokeConfigurationMethod(Invoker.java:564)
	at org.testng.internal.Invoker.invokeConfigurations(Invoker.java:213)
	at org.testng.internal.Invoker.invokeConfigurations(Invoker.java:138)
	at org.testng.internal.TestMethodWorker.invokeBeforeClassMethods(TestMethodWorker.java:175)
	at org.testng.internal.TestMethodWorker.run(TestMethodWorker.java:107)
	at org.testng.TestRunner.privateRun(TestRunner.java:767)
	at org.testng.TestRunner.run(TestRunner.java:617)
	at org.testng.SuiteRunner.runTest(SuiteRunner.java:348)
	at org.testng.SuiteRunner.runSequentially(SuiteRunner.java:343)
	at org.testng.SuiteRunner.privateRun(SuiteRunner.java:305)
	at org.testng.SuiteRunner.run(SuiteRunner.java:254)
	at org.testng.SuiteRunnerWorker.runSuite(SuiteRunnerWorker.java:52)
	at org.testng.SuiteRunnerWorker.run(SuiteRunnerWorker.java:86)
	at org.testng.TestNG.runSuitesSequentially(TestNG.java:1224)
	at org.testng.TestNG.runSuitesLocally(TestNG.java:1149)
	at org.testng.TestNG.run(TestNG.java:1057)
	at org.testng.remote.RemoteTestNG.run(RemoteTestNG.java:115)
	at org.testng.remote.RemoteTestNG.initAndRun(RemoteTestNG.java:207)
	at org.testng.remote.RemoteTestNG.main(RemoteTestNG.java:178)
Caused by: org.openqa.selenium.firefox.NotConnectedException: Unable to connect to host 127.0.0.1 on port 7055 after 45000 ms. Firefox console output:
olf45k","location":"app-global","version":"44.0.2","type":"theme","internalName":"classic/1.0","updateURL":null,"updateKey":null,"optionsURL":null,"optionsType":null,"aboutURL":null,"icons":{"32":"icon.png","48":"icon.png"},"iconURL":null,"icon64URL":null,"defaultLocale":{"name":"Default","description":"The default theme.","creator":"Mozilla","homepageURL":null,"contributors":["Mozilla Contributors"]},"visible":true,"active":true,"userDisabled":false,"appDisabled":false,"descriptor":"C:\\Program Files\\Mozilla Firefox\\browser\\extensions\\{972ce4c6-7e08-4474-a285-3208198ce6fd}","installDate":1455303069553,"updateDate":1455303069553,"applyBackgroundUpdates":1,"skinnable":true,"size":24172,"sourceURI":null,"releaseNotesURI":null,"softDisabled":false,"foreignInstall":false,"hasBinaryComponents":false,"strictCompatibility":true,"locales":[],"targetApplications":[{"id":"{ec8030f7-c20a-464f-9b0e-13a3a9e97384}","minVersion":"44.0.2","maxVersion":"44.0.2"}],"targetPlatforms":[]}
1457129048871	addons.xpi	DEBUG	getModTime: Recursive scan of {972ce4c6-7e08-4474-a285-3208198ce6fd}
1457129048872	DeferredSave.extensions.json	DEBUG	Save changes
1457129048872	addons.xpi	DEBUG	Updating database with changes to installed add-ons
1457129048872	addons.xpi-utils	DEBUG	Updating add-on states
1457129048872	addons.xpi-utils	DEBUG	Writing add-ons list
1457129048878	addons.manager	DEBUG	Registering shutdown blocker for XPIProvider
1457129048878	addons.manager	DEBUG	Provider finished startup: XPIProvider
1457129048878	addons.manager	DEBUG	Starting provider: LightweightThemeManager
1457129048878	addons.manager	DEBUG	Registering shutdown blocker for LightweightThemeManager
1457129048879	addons.manager	DEBUG	Provider finished startup: LightweightThemeManager
1457129048879	addons.manager	DEBUG	Starting provider: GMPProvider
1457129048883	addons.manager	DEBUG	Registering shutdown blocker for GMPProvider
1457129048884	addons.manager	DEBUG	Provider finished startup: GMPProvider
1457129048884	addons.manager	DEBUG	Starting provider: PluginProvider
1457129048884	addons.manager	DEBUG	Registering shutdown blocker for PluginProvider
1457129048884	addons.manager	DEBUG	Provider finished startup: PluginProvider
1457129048884	addons.manager	DEBUG	Completed startup sequence
1457129049086	addons.manager	DEBUG	Starting provider: <unnamed-provider>
1457129049086	addons.manager	DEBUG	Registering shutdown blocker for <unnamed-provider>
1457129049087	addons.manager	DEBUG	Provider finished startup: <unnamed-provider>
1457129049224	DeferredSave.extensions.json	DEBUG	Starting write
1457129049389	addons.repository	DEBUG	No addons.json found.
1457129049390	DeferredSave.addons.json	DEBUG	Save changes
1457129049394	DeferredSave.addons.json	DEBUG	Starting timer
1457129049401	addons.manager	DEBUG	Starting provider: PreviousExperimentProvider
1457129049402	addons.manager	DEBUG	Registering shutdown blocker for PreviousExperimentProvider
1457129049402	addons.manager	DEBUG	Provider finished startup: PreviousExperimentProvider
1457129049405	DeferredSave.extensions.json	DEBUG	Write succeeded
1457129049405	addons.xpi-utils	DEBUG	XPI Database saved, setting schema version preference to 17
1457129049533	DeferredSave.addons.json	DEBUG	Starting write
1457129049699	DeferredSave.addons.json	DEBUG	Write succeeded
1457129076872	addons.manager	DEBUG	shutdown
1457129076873	addons.manager	DEBUG	Calling shutdown blocker for XPIProvider
1457129076873	addons.xpi	DEBUG	shutdown
1457129076873	addons.xpi-utils	DEBUG	shutdown
1457129076873	addons.manager	DEBUG	Calling shutdown blocker for LightweightThemeManager
1457129076873	addons.manager	DEBUG	Calling shutdown blocker for GMPProvider
1457129076874	addons.manager	DEBUG	Calling shutdown blocker for PluginProvider
1457129076874	addons.manager	DEBUG	Calling shutdown blocker for <unnamed-provider>
1457129076875	addons.manager	DEBUG	Calling shutdown blocker for PreviousExperimentProvider
1457129076877	addons.xpi	DEBUG	Notifying XPI shutdown observers
1457129076879	addons.manager	DEBUG	Async provider shutdown done

	at org.openqa.selenium.firefox.internal.NewProfileExtensionConnection.start(NewProfileExtensionConnection.java:123)
	... 31 more
]]>
    </failure>
  </testcase> <!-- testCreatefile -->
</testsuite> <!-- test.java.com.econvergance.testng.CreateFile -->
