<?xml version="1.0" encoding="UTF-8"?>
<!-- Generated by org.testng.reporters.JUnitReportReporter -->
<testsuite hostname="devvijay2" name="test.java.com.econvergance.testng.CreateFileAB" tests="1" failures="0" timestamp="7 Mar 2016 20:51:28 GMT" time="24.189" errors="0">
  <testcase name="testCreatefile" time="24.189" classname="test.java.com.econvergance.testng.CreateFileAB"/>
</testsuite> <!-- test.java.com.econvergance.testng.CreateFileAB -->
